<?xml version="1.0" encoding="UTF-8"?>
<!-- Generated by org.testng.reporters.JUnitReportReporter -->
<testsuite hostname="DESKTOP-SUFA48T" failures="0" tests="1" name="com.test.TC_MyInfo_006" time="17.863" errors="0" timestamp="2023-12-12T15:04:47 IST" skipped="0">
  <testcase classname="com.test.TC_MyInfo_006" name="tc_myinfo_006" time="17.863"/>
</testsuite> <!-- com.test.TC_MyInfo_006 -->
