<?xml version="1.0" encoding="UTF-8"?>
<!-- Generated by org.testng.reporters.JUnitReportReporter -->
<testsuite hostname="DESKTOP-SUFA48T" failures="0" tests="1" name="com.test.TC_01" time="14.317" errors="0" timestamp="2023-12-09T20:43:41 IST" skipped="0">
  <testcase classname="com.test.TC_01" name="Test1" time="14.317"/>
  <system-out/>
</testsuite> <!-- com.test.TC_01 -->
